<?xml version="1.0" encoding="UTF-8"?>
<testsuite name="com.borjafernandezpillado.fizzbuzz.FizzBuzzSpec" tests="4" skipped="0" failures="0" errors="0" timestamp="2016-03-27T21:30:01" hostname="iMac-de-Borja.local" time="0.151">
  <properties/>
  <testcase name="says Fizz when the number is divisible by 3" classname="com.borjafernandezpillado.fizzbuzz.FizzBuzzSpec" time="0.14"/>
  <testcase name="returns the number when is not divisible by 3 or 5" classname="com.borjafernandezpillado.fizzbuzz.FizzBuzzSpec" time="0.005"/>
  <testcase name="returns Buzz when the number is divisible by 5" classname="com.borjafernandezpillado.fizzbuzz.FizzBuzzSpec" time="0.001"/>
  <testcase name="returns FizzBuzz when the number is multiples of both three and five" classname="com.borjafernandezpillado.fizzbuzz.FizzBuzzSpec" time="0.001"/>
  <system-out><![CDATA[]]></system-out>
  <system-err><![CDATA[]]></system-err>
</testsuite>
